[01:26:22] [main/INFO]: Environment: authHost='https://authserver.mojang.com', accountsHost='https://api.mojang.com', sessionHost='https://sessionserver.mojang.com', servicesHost='https://api.minecraftservices.com', name='PROD'
[01:26:22] [main/INFO]: Found new data pack file/bukkit, loading it automatically
[01:26:24] [main/INFO]: Reloading ResourceManager: Default, bukkit
[01:26:33] [Worker-Main-1/INFO]: Loaded 7 recipes
[01:26:43] [Server thread/INFO]: Starting minecraft server version 1.17.1
[01:26:43] [Server thread/INFO]: Loading properties
[01:26:43] [Server thread/INFO]: This server is running Paper version git-Paper-336 (MC: 1.17.1) (Implementing API version 1.17.1-R0.1-SNAPSHOT) (Git: eaee7a2)
[01:26:44] [Server thread/INFO]: Server Ping Player Sample Count: 12
[01:26:44] [Server thread/INFO]: Using 4 threads for Netty based IO
[01:26:44] [Server thread/INFO]: Default game type: SURVIVAL
[01:26:44] [Server thread/INFO]: Generating keypair
[01:26:45] [Server thread/INFO]: Starting Minecraft server on *:25565
[01:26:45] [Server thread/INFO]: Using default channel type
[01:26:45] [Server thread/INFO]: Paper: Using Java 11 compression from Velocity.
[01:26:45] [Server thread/INFO]: Paper: Using Java cipher from Velocity.
[01:26:46] [Server thread/INFO]: Server permissions file permissions.yml is empty, ignoring it
[01:26:46] [Server thread/WARN]: **** SERVER IS RUNNING IN OFFLINE/INSECURE MODE!
[01:26:46] [Server thread/WARN]: The server will make no attempt to authenticate usernames. Beware.
[01:26:46] [Server thread/WARN]: While this makes the game possible to play without internet access, it also opens up the ability for hackers to connect with any username they choose.
[01:26:46] [Server thread/WARN]: To change this, set "online-mode" to "true" in the server.properties file.
[01:26:46] [Server thread/INFO]: Preparing level "world"
[01:27:13] [Server thread/WARN]: Unable to find spawn biome
[01:27:18] [Server thread/WARN]: Unable to find spawn biome
[01:27:20] [Server thread/INFO]: Preparing start region for dimension minecraft:overworld
[01:27:21] [Worker-Main-1/INFO]: Preparing spawn area: 0%
[01:27:21] [Worker-Main-1/INFO]: Preparing spawn area: 0%
[01:27:21] [Worker-Main-1/INFO]: Preparing spawn area: 0%
[01:27:21] [Worker-Main-1/INFO]: Preparing spawn area: 0%
[01:27:22] [Worker-Main-1/INFO]: Preparing spawn area: 0%
[01:27:22] [Server thread/INFO]: Time elapsed: 2191 ms
[01:27:22] [Server thread/INFO]: Preparing start region for dimension minecraft:the_nether
[01:27:23] [Server thread/INFO]: Time elapsed: 750 ms
[01:27:23] [Server thread/INFO]: Preparing start region for dimension minecraft:the_end
[01:27:23] [Server thread/INFO]: Time elapsed: 706 ms
[01:27:24] [Server thread/INFO]: Running delayed init tasks
[01:27:24] [Server thread/INFO]: Done (40.926s)! For help, type "help"
[01:27:24] [Server thread/INFO]: Timings Reset
[01:27:39] [Server thread/WARN]: Can't keep up! Is the server overloaded? Running 7915ms or 158 ticks behind
[01:27:39] [User Authenticator #1/INFO]: UUID of player NotAron4TWw is 67e0dac0-403b-376c-baab-529423883a4e
[01:27:45] [Server thread/INFO]: NotAron4TWw joined the game
[01:27:45] [Server thread/INFO]: NotAron4TWw[/192.168.29.131:51162] logged in with entity id 2 at ([world]-128.5, 69.0, 40.5)
[01:28:21] [Server thread/WARN]: Can't keep up! Is the server overloaded? Running 5153ms or 103 ticks behind
[01:28:23] [Server thread/INFO]: Made NotAron4TW a server operator
[01:29:04] [Server thread/WARN]: Can't keep up! Is the server overloaded? Running 13673ms or 273 ticks behind
